<?xml version="1.0" encoding="UTF-8"?>
<!-- Generated by org.testng.reporters.JUnitXMLReporter -->
<testsuite hostname="DESKTOP-6KCAU01" ignored="0" name="Test" tests="10" failures="0" timestamp="06 Jun 2020 08:59:13 GMT" time="84.126" errors="0">
  <testcase name="Test" time="2.67" classname="poly.selenium.TestNGSelenium"/>
  <testcase name="Test1" time="9.922" classname="poly.selenium.TestNGSelenium"/>
  <testcase name="Test3" time="6.873" classname="poly.selenium.TestNGSelenium"/>
  <testcase name="Test4" time="3.204" classname="poly.selenium.TestNGSelenium"/>
  <testcase name="Test5" time="12.777" classname="poly.selenium.TestNGSelenium"/>
  <testcase name="Test6" time="6.759" classname="poly.selenium.TestNGSelenium"/>
  <testcase name="deleteDepart" time="4.005" classname="poly.selenium.TestNGSelenium"/>
  <testcase name="testAddNV" time="22.035" classname="poly.selenium.TestNGSelenium"/>
  <testcase name="testUpdateNV" time="9.85" classname="poly.selenium.TestNGSelenium"/>
  <testcase name="suiteTearDown" time="2.256" classname="poly.selenium.TestNGSelenium"/>
</testsuite> <!-- Test -->
